flutter_start/build/app/intermediates/manifest_merge_blame_file/debug/processDebugMainManifest/manifest-merger-blame-debug-report.txt
1<?xml version="1.0" encoding="utf-8"?>
2<manifest xmlns:android="http://schemas.android.com/apk/res/android"
3    package="com.example.flutter_start"
4    android:versionCode="1"
5    android:versionName="1.0.0" >
6
7    <uses-sdk
8        android:minSdkVersion="21"
9        android:targetSdkVersion="35" />
10    <!--
11         The INTERNET permission is required for development. Specifically,
12         the Flutter tool needs it to communicate with the running application
13         to allow setting breakpoints, to provide hot reload, etc.
14    -->
15    <uses-permission android:name="android.permission.INTERNET" />
15-->src\debug\AndroidManifest.xml:6:5-66
15-->src\debug\AndroidManifest.xml:6:22-64
16    <uses-permission android:name="android.permission.CALL_PHONE" />
16-->src\main\AndroidManifest.xml:2:5-68
16-->src\main\AndroidManifest.xml:2:22-66
17    <!--
18 Required to query activities that can process text, see:
19         https://developer.android.com/training/package-visibility and
20         https://developer.android.com/reference/android/content/Intent#ACTION_PROCESS_TEXT.
21
22         In particular, this is used by the Flutter engine in io.flutter.plugin.text.ProcessTextPlugin.
23    -->
24    <queries>
24-->src\main\AndroidManifest.xml:59:5-64:15
25        <intent>
25-->src\main\AndroidManifest.xml:60:9-63:18
26            <action android:name="android.intent.action.PROCESS_TEXT" />
26-->src\main\AndroidManifest.xml:61:13-72
26-->src\main\AndroidManifest.xml:61:21-70
27
28            <data android:mimeType="text/plain" />
28-->src\main\AndroidManifest.xml:62:13-50
28-->src\main\AndroidManifest.xml:62:19-48
29        </intent>
30
31        <package android:name="com.kakao.talk" />
31-->[:kakao_flutter_sdk_common] AndroidManifest.xml:8:9-50
31-->[:kakao_flutter_sdk_common] AndroidManifest.xml:8:18-47
32        <package android:name="com.kakao.talk.alpha" />
32-->[:kakao_flutter_sdk_common] AndroidManifest.xml:9:9-56
32-->[:kakao_flutter_sdk_common] AndroidManifest.xml:9:18-53
33        <package android:name="com.kakao.talk.sandbox" />
33-->[:kakao_flutter_sdk_common] AndroidManifest.xml:10:9-58
33-->[:kakao_flutter_sdk_common] AndroidManifest.xml:10:18-55
34        <package android:name="com.kakao.onetalk" />
34-->[:kakao_flutter_sdk_common] AndroidManifest.xml:11:9-53
34-->[:kakao_flutter_sdk_common] AndroidManifest.xml:11:18-50
35        <package android:name="com.locnall.KimGiSa" />
35-->[:kakao_flutter_sdk_common] AndroidManifest.xml:12:9-55
35-->[:kakao_flutter_sdk_common] AndroidManifest.xml:12:18-52
36        <package android:name="com.lguplus.navi" />
36-->[:kakao_flutter_sdk_common] AndroidManifest.xml:13:9-52
36-->[:kakao_flutter_sdk_common] AndroidManifest.xml:13:18-49
37
38        <intent>
38-->[:kakao_flutter_sdk_common] AndroidManifest.xml:15:9-21:18
39            <action android:name="android.intent.action.VIEW" />
39-->[:kakao_flutter_sdk_common] AndroidManifest.xml:16:13-65
39-->[:kakao_flutter_sdk_common] AndroidManifest.xml:16:21-62
40
41            <category android:name="android.intent.category.BROWSABLE" />
41-->[:kakao_flutter_sdk_common] AndroidManifest.xml:18:13-74
41-->[:kakao_flutter_sdk_common] AndroidManifest.xml:18:23-71
42
43            <data android:scheme="https" />
43-->src\main\AndroidManifest.xml:62:13-50
44        </intent>
45    </queries>
46
47    <permission
47-->[androidx.core:core:1.13.1] AndroidManifest.xml:22:5-24:47
48        android:name="com.example.flutter_start.DYNAMIC_RECEIVER_NOT_EXPORTED_PERMISSION"
48-->[androidx.core:core:1.13.1] AndroidManifest.xml:23:9-81
49        android:protectionLevel="signature" />
49-->[androidx.core:core:1.13.1] AndroidManifest.xml:24:9-44
50
51    <uses-permission android:name="com.example.flutter_start.DYNAMIC_RECEIVER_NOT_EXPORTED_PERMISSION" />
51-->[androidx.core:core:1.13.1] AndroidManifest.xml:26:5-97
51-->[androidx.core:core:1.13.1] AndroidManifest.xml:26:22-94
52
53    <application
54        android:name="android.app.Application"
55        android:appComponentFactory="androidx.core.app.CoreComponentFactory"
55-->[androidx.core:core:1.13.1] AndroidManifest.xml:28:18-86
56        android:debuggable="true"
57        android:extractNativeLibs="true"
58        android:icon="@mipmap/ic_launcher"
59        android:label="flutter_start" >
60        <activity
61            android:name="com.example.flutter_start.MainActivity"
62            android:configChanges="orientation|keyboardHidden|keyboard|screenSize|smallestScreenSize|locale|layoutDirection|fontScale|screenLayout|density|uiMode"
63            android:exported="true"
64            android:hardwareAccelerated="true"
65            android:launchMode="singleTop"
66            android:taskAffinity=""
67            android:theme="@style/LaunchTheme"
68            android:windowSoftInputMode="adjustResize" >
69
70            <!--
71                 Specifies an Android theme to apply to this Activity as soon as
72                 the Android process has started. This theme is visible to the user
73                 while the Flutter UI initializes. After that, this theme continues
74                 to determine the Window background behind the Flutter UI.
75            -->
76            <meta-data
77                android:name="io.flutter.embedding.android.NormalTheme"
78                android:resource="@style/NormalTheme" />
79
80            <intent-filter>
81                <action android:name="android.intent.action.MAIN" />
82
83                <category android:name="android.intent.category.LAUNCHER" />
84            </intent-filter>
85        </activity>
86        <!-- 카카오 SDK 초기화 설정 -->
87        <meta-data
88            android:name="com.kakao.sdk.AppKey"
89            android:value="kakaof05090355f9d1379adbc5395f7165d18" />
90
91        <!-- 카카오 로그인 콜백 액티비티 -->
92        <activity
93            android:name="com.kakao.sdk.auth.AuthCodeHandlerActivity"
94            android:exported="true" >
95            <intent-filter>
96                <action android:name="android.intent.action.VIEW" />
96-->[:kakao_flutter_sdk_common] AndroidManifest.xml:16:13-65
96-->[:kakao_flutter_sdk_common] AndroidManifest.xml:16:21-62
97
98                <category android:name="android.intent.category.DEFAULT" />
99                <category android:name="android.intent.category.BROWSABLE" />
99-->[:kakao_flutter_sdk_common] AndroidManifest.xml:18:13-74
99-->[:kakao_flutter_sdk_common] AndroidManifest.xml:18:23-71
100
101                <!-- Redirect URI: "kakao{YOUR_NATIVE_APP_KEY}://oauth" -->
102                <data
102-->src\main\AndroidManifest.xml:62:13-50
103                    android:host="oauth"
104                    android:scheme="kakaof05090355f9d1379adbc5395f7165d18" />
105            </intent-filter>
106        </activity>
107        <!--
108             Don't delete the meta-data below.
109             This is used by the Flutter tool to generate GeneratedPluginRegistrant.java
110        -->
111        <meta-data
112            android:name="flutterEmbedding"
113            android:value="2" />
114
115        <activity
115-->[:kakao_flutter_sdk_common] AndroidManifest.xml:25:9-30:56
116            android:name="com.kakao.sdk.flutter.TalkAuthCodeActivity"
116-->[:kakao_flutter_sdk_common] AndroidManifest.xml:26:13-70
117            android:configChanges="orientation|screenSize|keyboardHidden|uiMode"
117-->[:kakao_flutter_sdk_common] AndroidManifest.xml:27:13-81
118            android:exported="false"
118-->[:kakao_flutter_sdk_common] AndroidManifest.xml:28:13-37
119            android:launchMode="singleTask"
119-->[:kakao_flutter_sdk_common] AndroidManifest.xml:29:13-44
120            android:theme="@style/TransparentCompat" />
120-->[:kakao_flutter_sdk_common] AndroidManifest.xml:30:13-53
121        <activity
121-->[:kakao_flutter_sdk_common] AndroidManifest.xml:31:9-35:56
122            android:name="com.kakao.sdk.flutter.CustomTabsActivity"
122-->[:kakao_flutter_sdk_common] AndroidManifest.xml:32:13-68
123            android:exported="true"
123-->[:kakao_flutter_sdk_common] AndroidManifest.xml:33:13-36
124            android:launchMode="singleTask"
124-->[:kakao_flutter_sdk_common] AndroidManifest.xml:34:13-44
125            android:theme="@style/TransparentCompat" />
125-->[:kakao_flutter_sdk_common] AndroidManifest.xml:35:13-53
126        <activity
126-->[:kakao_flutter_sdk_common] AndroidManifest.xml:36:9-40:56
127            android:name="com.kakao.sdk.flutter.AuthCodeCustomTabsActivity"
127-->[:kakao_flutter_sdk_common] AndroidManifest.xml:37:13-76
128            android:exported="true"
128-->[:kakao_flutter_sdk_common] AndroidManifest.xml:38:13-36
129            android:launchMode="singleTask"
129-->[:kakao_flutter_sdk_common] AndroidManifest.xml:39:13-44
130            android:theme="@style/TransparentCompat" />
130-->[:kakao_flutter_sdk_common] AndroidManifest.xml:40:13-53
131        <activity
131-->[:kakao_flutter_sdk_common] AndroidManifest.xml:41:9-45:56
132            android:name="com.kakao.sdk.flutter.FollowChannelHandlerActivity"
132-->[:kakao_flutter_sdk_common] AndroidManifest.xml:42:13-78
133            android:exported="true"
133-->[:kakao_flutter_sdk_common] AndroidManifest.xml:43:13-36
134            android:launchMode="singleTask"
134-->[:kakao_flutter_sdk_common] AndroidManifest.xml:44:13-44
135            android:theme="@style/TransparentCompat" />
135-->[:kakao_flutter_sdk_common] AndroidManifest.xml:45:13-53
136        <activity
136-->[:kakao_flutter_sdk_common] AndroidManifest.xml:46:9-50:56
137            android:name="com.kakao.sdk.flutter.AppsHandlerActivity"
137-->[:kakao_flutter_sdk_common] AndroidManifest.xml:47:13-69
138            android:exported="true"
138-->[:kakao_flutter_sdk_common] AndroidManifest.xml:48:13-36
139            android:launchMode="singleTask"
139-->[:kakao_flutter_sdk_common] AndroidManifest.xml:49:13-44
140            android:theme="@style/TransparentCompat" />
140-->[:kakao_flutter_sdk_common] AndroidManifest.xml:50:13-53
141        <activity
141-->[:url_launcher_android] AndroidManifest.xml:8:9-11:74
142            android:name="io.flutter.plugins.urllauncher.WebViewActivity"
142-->[:url_launcher_android] AndroidManifest.xml:9:13-74
143            android:exported="false"
143-->[:url_launcher_android] AndroidManifest.xml:10:13-37
144            android:theme="@android:style/Theme.NoTitleBar.Fullscreen" />
144-->[:url_launcher_android] AndroidManifest.xml:11:13-71
145
146        <uses-library
146-->[androidx.window:window:1.2.0] AndroidManifest.xml:23:9-25:40
147            android:name="androidx.window.extensions"
147-->[androidx.window:window:1.2.0] AndroidManifest.xml:24:13-54
148            android:required="false" />
148-->[androidx.window:window:1.2.0] AndroidManifest.xml:25:13-37
149        <uses-library
149-->[androidx.window:window:1.2.0] AndroidManifest.xml:26:9-28:40
150            android:name="androidx.window.sidecar"
150-->[androidx.window:window:1.2.0] AndroidManifest.xml:27:13-51
151            android:required="false" />
151-->[androidx.window:window:1.2.0] AndroidManifest.xml:28:13-37
152
153        <provider
153-->[androidx.lifecycle:lifecycle-process:2.7.0] AndroidManifest.xml:24:9-32:20
154            android:name="androidx.startup.InitializationProvider"
154-->[androidx.lifecycle:lifecycle-process:2.7.0] AndroidManifest.xml:25:13-67
155            android:authorities="com.example.flutter_start.androidx-startup"
155-->[androidx.lifecycle:lifecycle-process:2.7.0] AndroidManifest.xml:26:13-68
156            android:exported="false" >
156-->[androidx.lifecycle:lifecycle-process:2.7.0] AndroidManifest.xml:27:13-37
157            <meta-data
157-->[androidx.lifecycle:lifecycle-process:2.7.0] AndroidManifest.xml:29:13-31:52
158                android:name="androidx.lifecycle.ProcessLifecycleInitializer"
158-->[androidx.lifecycle:lifecycle-process:2.7.0] AndroidManifest.xml:30:17-78
159                android:value="androidx.startup" />
159-->[androidx.lifecycle:lifecycle-process:2.7.0] AndroidManifest.xml:31:17-49
160            <meta-data
160-->[androidx.profileinstaller:profileinstaller:1.3.1] AndroidManifest.xml:29:13-31:52
161                android:name="androidx.profileinstaller.ProfileInstallerInitializer"
161-->[androidx.profileinstaller:profileinstaller:1.3.1] AndroidManifest.xml:30:17-85
162                android:value="androidx.startup" />
162-->[androidx.profileinstaller:profileinstaller:1.3.1] AndroidManifest.xml:31:17-49
163        </provider>
164
165        <receiver
165-->[androidx.profileinstaller:profileinstaller:1.3.1] AndroidManifest.xml:34:9-52:20
166            android:name="androidx.profileinstaller.ProfileInstallReceiver"
166-->[androidx.profileinstaller:profileinstaller:1.3.1] AndroidManifest.xml:35:13-76
167            android:directBootAware="false"
167-->[androidx.profileinstaller:profileinstaller:1.3.1] AndroidManifest.xml:36:13-44
168            android:enabled="true"
168-->[androidx.profileinstaller:profileinstaller:1.3.1] AndroidManifest.xml:37:13-35
169            android:exported="true"
169-->[androidx.profileinstaller:profileinstaller:1.3.1] AndroidManifest.xml:38:13-36
170            android:permission="android.permission.DUMP" >
170-->[androidx.profileinstaller:profileinstaller:1.3.1] AndroidManifest.xml:39:13-57
171            <intent-filter>
171-->[androidx.profileinstaller:profileinstaller:1.3.1] AndroidManifest.xml:40:13-42:29
172                <action android:name="androidx.profileinstaller.action.INSTALL_PROFILE" />
172-->[androidx.profileinstaller:profileinstaller:1.3.1] AndroidManifest.xml:41:17-91
172-->[androidx.profileinstaller:profileinstaller:1.3.1] AndroidManifest.xml:41:25-88
173            </intent-filter>
174            <intent-filter>
174-->[androidx.profileinstaller:profileinstaller:1.3.1] AndroidManifest.xml:43:13-45:29
175                <action android:name="androidx.profileinstaller.action.SKIP_FILE" />
175-->[androidx.profileinstaller:profileinstaller:1.3.1] AndroidManifest.xml:44:17-85
175-->[androidx.profileinstaller:profileinstaller:1.3.1] AndroidManifest.xml:44:25-82
176            </intent-filter>
177            <intent-filter>
177-->[androidx.profileinstaller:profileinstaller:1.3.1] AndroidManifest.xml:46:13-48:29
178                <action android:name="androidx.profileinstaller.action.SAVE_PROFILE" />
178-->[androidx.profileinstaller:profileinstaller:1.3.1] AndroidManifest.xml:47:17-88
178-->[androidx.profileinstaller:profileinstaller:1.3.1] AndroidManifest.xml:47:25-85
179            </intent-filter>
180            <intent-filter>
180-->[androidx.profileinstaller:profileinstaller:1.3.1] AndroidManifest.xml:49:13-51:29
181                <action android:name="androidx.profileinstaller.action.BENCHMARK_OPERATION" />
181-->[androidx.profileinstaller:profileinstaller:1.3.1] AndroidManifest.xml:50:17-95
181-->[androidx.profileinstaller:profileinstaller:1.3.1] AndroidManifest.xml:50:25-92
182            </intent-filter>
183        </receiver>
184    </application>
185
186</manifest>